Jan 04, 2024 1:50:22 PM org.workrideclub.Main addNewDriverTravelTime
INFO: Adding new driver travel time
Jan 04, 2024 1:50:23 PM org.workrideclub.Main getNewDrivers
INFO: {"message":"No commuters found","code":"R01"}
Jan 04, 2024 1:50:23 PM org.workrideclub.Main addNewDriverTravelTime
INFO: No new drivers
Jan 04, 2024 1:50:23 PM org.workrideclub.Main processFirstUnmatched
INFO: Processing first unmatched
Jan 04, 2024 1:50:24 PM org.workrideclub.Main getUnmatched
INFO: {"driver":415,"passenger":204,"url":"https:\/\/www.google.com\/maps\/dir\/-26.1667589,28.1674514\/-26.0418269,28.195246\/-26.2216999,28.14791\/-25.750179,28.193288"}
Jan 04, 2024 1:50:24 PM org.workrideclub.Main getTotalTime
INFO: Getting total time
Jan 04, 2024 1:50:24 PM org.workrideclub.Main createDriver
INFO: Creating driver
Jan 04, 2024 1:50:26 PM org.openqa.selenium.devtools.CdpVersionFinder findNearestMatch
WARNING: Unable to find an exact match for CDP version 120, returning the closest version; found: 119; Please update to a Selenium version that supports CDP version 120
Jan 04, 2024 1:50:31 PM org.workrideclub.Main saveMatch
INFO: Saving match
Jan 04, 2024 1:50:32 PM org.workrideclub.Main saveMatch
INFO: {"message":"Successfully saved match","code":"R00"}
Jan 04, 2024 1:50:42 PM org.workrideclub.Main addNewDriverTravelTime
INFO: Adding new driver travel time
Jan 04, 2024 1:50:42 PM org.workrideclub.Main getNewDrivers
INFO: {"message":"No commuters found","code":"R01"}
Jan 04, 2024 1:50:42 PM org.workrideclub.Main addNewDriverTravelTime
INFO: No new drivers
Jan 04, 2024 1:50:42 PM org.workrideclub.Main processFirstUnmatched
INFO: Processing first unmatched
Jan 04, 2024 1:50:42 PM org.workrideclub.Main getUnmatched
INFO: {"driver":415,"passenger":210,"url":"https:\/\/www.google.com\/maps\/dir\/-26.1667589,28.1674514\/-26.1933869,27.797405\/-26.138438,28.2016057\/-25.750179,28.193288"}
Jan 04, 2024 1:50:42 PM org.workrideclub.Main getTotalTime
INFO: Getting total time
Jan 04, 2024 1:50:44 PM org.workrideclub.Main saveMatch
INFO: Saving match
Jan 04, 2024 1:50:45 PM org.workrideclub.Main saveMatch
INFO: {"message":"Successfully saved match","code":"R00"}
